[2021-09-14 13:51:33.520] [exthost] [info] extension host started
[2021-09-14 13:51:33.638] [exthost] [info] ExtensionService#_doActivateExtension vscode.debug-auto-launch {"startup":true,"extensionId":{"value":"vscode.debug-auto-launch","_lower":"vscode.debug-auto-launch"},"activationEvent":"*"}
[2021-09-14 13:51:33.638] [exthost] [info] ExtensionService#loadCommonJSModule file:///home/d4nmc/.vscode-server/bin/e7d7e9a9348e6a8cc8c03f877d39cb72e5dfb1ff/extensions/debug-auto-launch/dist/extension
[2021-09-14 13:51:33.643] [exthost] [info] ExtensionService#_doActivateExtension vscode.git {"startup":true,"extensionId":{"value":"vscode.github","_lower":"vscode.github"},"activationEvent":"*"}
[2021-09-14 13:51:33.643] [exthost] [info] ExtensionService#loadCommonJSModule file:///home/d4nmc/.vscode-server/bin/e7d7e9a9348e6a8cc8c03f877d39cb72e5dfb1ff/extensions/git/dist/main
[2021-09-14 13:51:33.817] [exthost] [info] ExtensionService#_doActivateExtension vscode.github {"startup":true,"extensionId":{"value":"vscode.github","_lower":"vscode.github"},"activationEvent":"*"}
[2021-09-14 13:51:33.818] [exthost] [info] ExtensionService#loadCommonJSModule file:///home/d4nmc/.vscode-server/bin/e7d7e9a9348e6a8cc8c03f877d39cb72e5dfb1ff/extensions/github/dist/extension.js
[2021-09-14 13:51:33.904] [exthost] [info] ExtensionService#_doActivateExtension vscode.emmet {"startup":false,"extensionId":{"value":"vscode.emmet","_lower":"vscode.emmet"},"activationEvent":"onStartupFinished"}
[2021-09-14 13:51:33.905] [exthost] [info] ExtensionService#loadCommonJSModule file:///home/d4nmc/.vscode-server/bin/e7d7e9a9348e6a8cc8c03f877d39cb72e5dfb1ff/extensions/emmet/dist/node/emmetNodeMain
[2021-09-14 13:51:33.920] [exthost] [info] ExtensionService#_doActivateExtension vscode.merge-conflict {"startup":false,"extensionId":{"value":"vscode.merge-conflict","_lower":"vscode.merge-conflict"},"activationEvent":"onStartupFinished"}
[2021-09-14 13:51:33.920] [exthost] [info] ExtensionService#loadCommonJSModule file:///home/d4nmc/.vscode-server/bin/e7d7e9a9348e6a8cc8c03f877d39cb72e5dfb1ff/extensions/merge-conflict/dist/mergeConflictMain
[2021-09-14 13:51:33.924] [exthost] [info] eager extensions activated
[2021-09-14 13:51:33.928] [exthost] [info] ExtensionService#_doActivateExtension ms-vscode.js-debug {"startup":false,"extensionId":{"value":"ms-vscode.js-debug","_lower":"ms-vscode.js-debug"},"activationEvent":"onCommand:extension.js-debug.clearAutoAttachVariables"}
[2021-09-14 13:51:33.928] [exthost] [info] ExtensionService#loadCommonJSModule file:///home/d4nmc/.vscode-server/bin/e7d7e9a9348e6a8cc8c03f877d39cb72e5dfb1ff/extensions/ms-vscode.js-debug/src/extension.js
[2021-09-14 13:51:36.517] [exthost] [info] ExtensionService#_doActivateExtension vscode.configuration-editing {"startup":false,"extensionId":{"value":"vscode.configuration-editing","_lower":"vscode.configuration-editing"},"activationEvent":"onLanguage:jsonc"}
[2021-09-14 13:51:36.517] [exthost] [info] ExtensionService#loadCommonJSModule file:///home/d4nmc/.vscode-server/bin/e7d7e9a9348e6a8cc8c03f877d39cb72e5dfb1ff/extensions/configuration-editing/dist/configurationEditingMain
[2021-09-14 13:51:36.522] [exthost] [info] ExtensionService#_doActivateExtension vscode.json-language-features {"startup":false,"extensionId":{"value":"vscode.json-language-features","_lower":"vscode.json-language-features"},"activationEvent":"onLanguage:jsonc"}
[2021-09-14 13:51:36.522] [exthost] [info] ExtensionService#loadCommonJSModule file:///home/d4nmc/.vscode-server/bin/e7d7e9a9348e6a8cc8c03f877d39cb72e5dfb1ff/extensions/json-language-features/client/dist/node/jsonClientMain
[2021-09-14 13:51:36.585] [exthost] [info] ExtensionService#_doActivateExtension vscode.typescript-language-features {"startup":false,"extensionId":{"value":"vscode.typescript-language-features","_lower":"vscode.typescript-language-features"},"activationEvent":"onLanguage:jsonc"}
[2021-09-14 13:51:36.585] [exthost] [info] ExtensionService#loadCommonJSModule file:///home/d4nmc/.vscode-server/bin/e7d7e9a9348e6a8cc8c03f877d39cb72e5dfb1ff/extensions/typescript-language-features/dist/extension
[2021-09-14 13:51:51.108] [exthost] [info] extension host terminating: received terminate message from renderer
[2021-09-14 13:51:52.119] [exthost] [info] exiting with code 0
