[2021-09-14 13:52:01.526] [exthost] [info] extension host started
[2021-09-14 13:52:01.536] [exthost] [info] Lock '/home/d4nmc/.vscode-server/data/User/workspaceStorage/3384b75be22f1b32f5cf5d9138f36bbd/vscode.lock': Lock acquired.
[2021-09-14 13:52:01.610] [exthost] [info] ExtensionService#_doActivateExtension vscode.debug-auto-launch {"startup":true,"extensionId":{"value":"vscode.debug-auto-launch","_lower":"vscode.debug-auto-launch"},"activationEvent":"*"}
[2021-09-14 13:52:01.611] [exthost] [info] ExtensionService#loadCommonJSModule file:///home/d4nmc/.vscode-server/bin/e7d7e9a9348e6a8cc8c03f877d39cb72e5dfb1ff/extensions/debug-auto-launch/dist/extension
[2021-09-14 13:52:01.627] [exthost] [info] ExtensionService#_doActivateExtension vscode.git {"startup":true,"extensionId":{"value":"vscode.github","_lower":"vscode.github"},"activationEvent":"*"}
[2021-09-14 13:52:01.627] [exthost] [info] ExtensionService#loadCommonJSModule file:///home/d4nmc/.vscode-server/bin/e7d7e9a9348e6a8cc8c03f877d39cb72e5dfb1ff/extensions/git/dist/main
[2021-09-14 13:52:01.847] [exthost] [info] ExtensionService#_doActivateExtension vscode.github {"startup":true,"extensionId":{"value":"vscode.github","_lower":"vscode.github"},"activationEvent":"*"}
[2021-09-14 13:52:01.847] [exthost] [info] ExtensionService#loadCommonJSModule file:///home/d4nmc/.vscode-server/bin/e7d7e9a9348e6a8cc8c03f877d39cb72e5dfb1ff/extensions/github/dist/extension.js
[2021-09-14 13:52:01.939] [exthost] [info] ExtensionService#_doActivateExtension vscode.emmet {"startup":false,"extensionId":{"value":"vscode.emmet","_lower":"vscode.emmet"},"activationEvent":"onStartupFinished"}
[2021-09-14 13:52:01.939] [exthost] [info] ExtensionService#loadCommonJSModule file:///home/d4nmc/.vscode-server/bin/e7d7e9a9348e6a8cc8c03f877d39cb72e5dfb1ff/extensions/emmet/dist/node/emmetNodeMain
[2021-09-14 13:52:01.955] [exthost] [info] ExtensionService#_doActivateExtension vscode.merge-conflict {"startup":false,"extensionId":{"value":"vscode.merge-conflict","_lower":"vscode.merge-conflict"},"activationEvent":"onStartupFinished"}
[2021-09-14 13:52:01.955] [exthost] [info] ExtensionService#loadCommonJSModule file:///home/d4nmc/.vscode-server/bin/e7d7e9a9348e6a8cc8c03f877d39cb72e5dfb1ff/extensions/merge-conflict/dist/mergeConflictMain
[2021-09-14 13:52:01.959] [exthost] [info] eager extensions activated
[2021-09-14 13:52:01.968] [exthost] [info] ExtensionService#_doActivateExtension ms-vscode.js-debug {"startup":false,"extensionId":{"value":"ms-vscode.js-debug","_lower":"ms-vscode.js-debug"},"activationEvent":"onCommand:extension.js-debug.clearAutoAttachVariables"}
[2021-09-14 13:52:01.968] [exthost] [info] ExtensionService#loadCommonJSModule file:///home/d4nmc/.vscode-server/bin/e7d7e9a9348e6a8cc8c03f877d39cb72e5dfb1ff/extensions/ms-vscode.js-debug/src/extension.js
[2021-09-14 13:52:02.376] [exthost] [warning] [Decorations] CAPPING events from decorations provider vscode.git 2824
[2021-09-14 13:52:05.182] [exthost] [warning] [Decorations] CAPPING events from decorations provider vscode.git 2824
[2021-09-14 13:52:10.319] [exthost] [warning] [Decorations] CAPPING events from decorations provider vscode.git 2824
[2021-09-14 13:52:15.441] [exthost] [warning] [Decorations] CAPPING events from decorations provider vscode.git 2824
[2021-09-14 13:52:20.573] [exthost] [warning] [Decorations] CAPPING events from decorations provider vscode.git 2824
[2021-09-14 13:52:25.695] [exthost] [warning] [Decorations] CAPPING events from decorations provider vscode.git 2824
[2021-09-14 13:52:30.893] [exthost] [warning] [Decorations] CAPPING events from decorations provider vscode.git 2824
[2021-09-14 13:52:36.017] [exthost] [warning] [Decorations] CAPPING events from decorations provider vscode.git 2824
